2013-03-27 21:55:19,718 [16] DEBUG PayPal.APIService [(null)] X-PAYPAL-SECURITY-USERID:sdvsdvs_api1.manbox.be
2013-03-27 21:55:19,732 [16] DEBUG PayPal.APIService [(null)] X-PAYPAL-SECURITY-PASSWORD:1364389919
2013-03-27 21:55:19,732 [16] DEBUG PayPal.APIService [(null)] X-PAYPAL-SECURITY-SIGNATURE:AfeOKUfS-Y732yPefGFWGDOaFbwlAUDnJ91lwmFADC8pJNoFb9kOkVOj
2013-03-27 21:55:19,732 [16] DEBUG PayPal.APIService [(null)] X-PAYPAL-APPLICATION-ID:APP-80W284485P519543T
2013-03-27 21:55:19,732 [16] DEBUG PayPal.APIService [(null)] X-PAYPAL-REQUEST-DATA-FORMAT:NV
2013-03-27 21:55:19,732 [16] DEBUG PayPal.APIService [(null)] X-PAYPAL-RESPONSE-DATA-FORMAT:NV
2013-03-27 21:55:19,732 [16] DEBUG PayPal.APIService [(null)] X-PAYPAL-REQUEST-SOURCE:adaptivepayments-dotnet-sdk-2.4.100
2013-03-27 21:55:19,732 [16] DEBUG PayPal.APIService [(null)] X-PAYPAL-SANDBOX-EMAIL-ADDRESS:pp.devtools@gmail.com
2013-03-27 21:55:19,732 [16] DEBUG PayPal.APIService [(null)] X-PAYPAL-DEVICE-IPADDRESS:127.0.0.1
2013-03-27 21:55:19,947 [16] DEBUG PayPal.APIService [(null)] requestEnvelope.errorLanguage=en_US&cancelUrl=http%3a%2f%2fcancel&currencyCode=EUR&endingDate=2014-03-27Z&maxTotalAmountOfAllPayments=1000&returnUrl=http%3a%2f%2freturn&ipnNotificationUrl=http%3a%2f%2fprocessPaypal&startingDate=2013-03-27Z&displayMaxTotalAmount=false&
2013-03-27 21:55:21,323 [16] DEBUG PayPal.APIService [(null)] Service response
2013-03-27 21:55:21,323 [16] DEBUG PayPal.APIService [(null)] responseEnvelope.timestamp=2013-03-27T13%3A55%3A15.743-07%3A00&responseEnvelope.ack=Success&responseEnvelope.correlationId=a8147348331ea&responseEnvelope.build=5472483&preapprovalKey=PA-81S023839P9209745
2013-03-28 07:50:31,948 [13] DEBUG PayPal.APIService [(null)] X-PAYPAL-SECURITY-USERID:sdvsdvs_api1.manbox.be
2013-03-28 07:50:31,960 [13] DEBUG PayPal.APIService [(null)] X-PAYPAL-SECURITY-PASSWORD:1364389919
2013-03-28 07:50:31,960 [13] DEBUG PayPal.APIService [(null)] X-PAYPAL-SECURITY-SIGNATURE:AfeOKUfS-Y732yPefGFWGDOaFbwlAUDnJ91lwmFADC8pJNoFb9kOkVOj
2013-03-28 07:50:31,960 [13] DEBUG PayPal.APIService [(null)] X-PAYPAL-APPLICATION-ID:APP-80W284485P519543T
2013-03-28 07:50:31,960 [13] DEBUG PayPal.APIService [(null)] X-PAYPAL-REQUEST-DATA-FORMAT:NV
2013-03-28 07:50:31,960 [13] DEBUG PayPal.APIService [(null)] X-PAYPAL-RESPONSE-DATA-FORMAT:NV
2013-03-28 07:50:31,960 [13] DEBUG PayPal.APIService [(null)] X-PAYPAL-REQUEST-SOURCE:adaptivepayments-dotnet-sdk-2.4.100
2013-03-28 07:50:31,960 [13] DEBUG PayPal.APIService [(null)] X-PAYPAL-SANDBOX-EMAIL-ADDRESS:pp.devtools@gmail.com
2013-03-28 07:50:31,960 [13] DEBUG PayPal.APIService [(null)] X-PAYPAL-DEVICE-IPADDRESS:127.0.0.1
2013-03-28 07:50:32,156 [13] DEBUG PayPal.APIService [(null)] requestEnvelope.errorLanguage=en_US&cancelUrl=http%3a%2f%2fcancel&currencyCode=EUR&endingDate=2014-03-28Z&maxTotalAmountOfAllPayments=1000&returnUrl=http%3a%2f%2freturn&ipnNotificationUrl=http%3a%2f%2fprocessPaypal&startingDate=2013-03-28Z&displayMaxTotalAmount=false&
2013-03-28 07:50:33,395 [13] DEBUG PayPal.APIService [(null)] Service response
2013-03-28 07:50:33,395 [13] DEBUG PayPal.APIService [(null)] responseEnvelope.timestamp=2013-03-27T23%3A50%3A26.963-07%3A00&responseEnvelope.ack=Success&responseEnvelope.correlationId=7e74ec9324720&responseEnvelope.build=5472483&preapprovalKey=PA-2A586797MT665724E
2013-04-08 12:33:07,762 [7] DEBUG PayPal.APIService [(null)] X-PAYPAL-SECURITY-USERID:sdvsdvs_api1.manbox.be
2013-04-08 12:33:07,776 [7] DEBUG PayPal.APIService [(null)] X-PAYPAL-SECURITY-PASSWORD:1364389919
2013-04-08 12:33:07,776 [7] DEBUG PayPal.APIService [(null)] X-PAYPAL-SECURITY-SIGNATURE:AfeOKUfS-Y732yPefGFWGDOaFbwlAUDnJ91lwmFADC8pJNoFb9kOkVOj
2013-04-08 12:33:07,776 [7] DEBUG PayPal.APIService [(null)] X-PAYPAL-APPLICATION-ID:APP-80W284485P519543T
2013-04-08 12:33:07,776 [7] DEBUG PayPal.APIService [(null)] X-PAYPAL-REQUEST-DATA-FORMAT:NV
2013-04-08 12:33:07,776 [7] DEBUG PayPal.APIService [(null)] X-PAYPAL-RESPONSE-DATA-FORMAT:NV
2013-04-08 12:33:07,776 [7] DEBUG PayPal.APIService [(null)] X-PAYPAL-REQUEST-SOURCE:adaptivepayments-dotnet-sdk-2.4.100
2013-04-08 12:33:07,776 [7] DEBUG PayPal.APIService [(null)] X-PAYPAL-SANDBOX-EMAIL-ADDRESS:pp.devtools@gmail.com
2013-04-08 12:33:07,776 [7] DEBUG PayPal.APIService [(null)] X-PAYPAL-DEVICE-IPADDRESS:127.0.0.1
2013-04-08 12:33:08,127 [7] DEBUG PayPal.APIService [(null)] requestEnvelope.errorLanguage=en_US&cancelUrl=%2ffr%2fbox%2fcompose&currencyCode=EUR&endingDate=2014-04-08Z&maxTotalAmountOfAllPayments=1000&returnUrl=https%3a%2f%2flocalhost%3a44300%2ffr%2fcheckout%2fthankyou&ipnNotificationUrl=https%3a%2f%2flocalhost%3a44300%2ffr%2fcheckout%2fprocesspaypalresponse&startingDate=2013-04-08Z&displayMaxTotalAmount=false&
2013-04-08 12:33:10,113 [7] DEBUG PayPal.APIService [(null)] Service response
2013-04-08 12:33:10,113 [7] DEBUG PayPal.APIService [(null)] responseEnvelope.timestamp=2013-04-08T03%3A32%3A50.222-07%3A00&responseEnvelope.ack=Failure&responseEnvelope.correlationId=9a126da957b0e&responseEnvelope.build=5563463&error(0).errorId=580028&error(0).domain=PLATFORM&error(0).subdomain=Application&error(0).severity=Error&error(0).category=Application&error(0).message=The+URL+%2Ffr%2Fbox%2Fcompose+is+malformed&error(0).parameter(0)=%2Ffr%2Fbox%2Fcompose
2013-04-08 17:51:17,706 [11] DEBUG PayPal.APIService [(null)] X-PAYPAL-SECURITY-USERID:sdvsdvs_api1.manbox.be
2013-04-08 17:51:17,718 [11] DEBUG PayPal.APIService [(null)] X-PAYPAL-SECURITY-PASSWORD:1364389919
2013-04-08 17:51:17,718 [11] DEBUG PayPal.APIService [(null)] X-PAYPAL-SECURITY-SIGNATURE:AfeOKUfS-Y732yPefGFWGDOaFbwlAUDnJ91lwmFADC8pJNoFb9kOkVOj
2013-04-08 17:51:17,718 [11] DEBUG PayPal.APIService [(null)] X-PAYPAL-APPLICATION-ID:APP-80W284485P519543T
2013-04-08 17:51:17,718 [11] DEBUG PayPal.APIService [(null)] X-PAYPAL-REQUEST-DATA-FORMAT:NV
2013-04-08 17:51:17,718 [11] DEBUG PayPal.APIService [(null)] X-PAYPAL-RESPONSE-DATA-FORMAT:NV
2013-04-08 17:51:17,719 [11] DEBUG PayPal.APIService [(null)] X-PAYPAL-REQUEST-SOURCE:adaptivepayments-dotnet-sdk-2.4.100
2013-04-08 17:51:17,719 [11] DEBUG PayPal.APIService [(null)] X-PAYPAL-SANDBOX-EMAIL-ADDRESS:pp.devtools@gmail.com
2013-04-08 17:51:17,719 [11] DEBUG PayPal.APIService [(null)] X-PAYPAL-DEVICE-IPADDRESS:127.0.0.1
2013-04-08 17:51:17,909 [11] DEBUG PayPal.APIService [(null)] requestEnvelope.errorLanguage=en_US&clientDetails.applicationId=manbox&clientDetails.customerId=79&cancelUrl=http%3a%2f%2flocalhost%2ffr%2fbox%2fcompose&currencyCode=EUR&endingDate=2014-04-08Z&maxTotalAmountOfAllPayments=1000&returnUrl=https%3a%2f%2flocalhost%3a44300%2ffr%2fcheckout%2fthankyou&memo=subscription+1334&ipnNotificationUrl=https%3a%2f%2flocalhost%3a44300%2ffr%2fcheckout%2fprocesspaypalpreapproval&senderEmail=zefzef%40fzefze.fr&startingDate=2013-04-08Z&displayMaxTotalAmount=false&sender.email=zefzef%40fzefze.fr&sender.accountId=1334&
2013-04-08 17:51:18,993 [11] DEBUG PayPal.APIService [(null)] Service response
2013-04-08 17:51:18,993 [11] DEBUG PayPal.APIService [(null)] responseEnvelope.timestamp=2013-04-08T08%3A50%3A59.155-07%3A00&responseEnvelope.ack=Failure&responseEnvelope.correlationId=5d6f03815d05e&responseEnvelope.build=5563463&error(0).errorId=580022&error(0).domain=PLATFORM&error(0).subdomain=Application&error(0).severity=Error&error(0).category=Application&error(0).message=Invalid+request+parameter%3A+accountId+with+value+1334&error(0).parameter(0)=accountId&error(0).parameter(1)=1334
2013-04-09 00:42:11,184 [8] DEBUG PayPal.APIService [(null)] X-PAYPAL-SECURITY-USERID:sdvsdvs_api1.manbox.be
2013-04-09 00:42:11,216 [8] DEBUG PayPal.APIService [(null)] X-PAYPAL-SECURITY-PASSWORD:1364389919
2013-04-09 00:42:11,216 [8] DEBUG PayPal.APIService [(null)] X-PAYPAL-SECURITY-SIGNATURE:AfeOKUfS-Y732yPefGFWGDOaFbwlAUDnJ91lwmFADC8pJNoFb9kOkVOj
2013-04-09 00:42:11,216 [8] DEBUG PayPal.APIService [(null)] X-PAYPAL-APPLICATION-ID:APP-80W284485P519543T
2013-04-09 00:42:11,216 [8] DEBUG PayPal.APIService [(null)] X-PAYPAL-REQUEST-DATA-FORMAT:NV
2013-04-09 00:42:11,216 [8] DEBUG PayPal.APIService [(null)] X-PAYPAL-RESPONSE-DATA-FORMAT:NV
2013-04-09 00:42:11,216 [8] DEBUG PayPal.APIService [(null)] X-PAYPAL-REQUEST-SOURCE:adaptivepayments-dotnet-sdk-2.4.100
2013-04-09 00:42:11,216 [8] DEBUG PayPal.APIService [(null)] X-PAYPAL-SANDBOX-EMAIL-ADDRESS:pp.devtools@gmail.com
2013-04-09 00:42:11,216 [8] DEBUG PayPal.APIService [(null)] X-PAYPAL-DEVICE-IPADDRESS:127.0.0.1
2013-04-09 00:42:11,399 [8] DEBUG PayPal.APIService [(null)] requestEnvelope.errorLanguage=en_US&actionType=PAY&cancelUrl=http%3a%2f%2flocalhost%3a21033%2fbackoffice%2fbox%2fcompose&currencyCode=EUR&receiverList.receiver(0).amount=40&receiverList.receiver(0).email=sdvsdvs%40manbox.be&returnUrl=https%3a%2f%2flocalhost%2fbackoffice%2fcheckout%2fthankyou&
2013-04-09 00:42:12,729 [8] DEBUG PayPal.APIService [(null)] Service response
2013-04-09 00:42:12,730 [8] DEBUG PayPal.APIService [(null)] responseEnvelope.timestamp=2013-04-08T15%3A41%3A52.975-07%3A00&responseEnvelope.ack=Success&responseEnvelope.correlationId=9cf97971203e1&responseEnvelope.build=5563463&payKey=AP-1DD6076282955823A&paymentExecStatus=CREATED
2013-04-19 15:59:49,011 [8] DEBUG PayPal.APIService [(null)] X-PAYPAL-SECURITY-USERID:sdvsdvs_api1.manbox.be
2013-04-19 15:59:49,066 [8] DEBUG PayPal.APIService [(null)] X-PAYPAL-SECURITY-PASSWORD:1364389919
2013-04-19 15:59:49,066 [8] DEBUG PayPal.APIService [(null)] X-PAYPAL-SECURITY-SIGNATURE:AfeOKUfS-Y732yPefGFWGDOaFbwlAUDnJ91lwmFADC8pJNoFb9kOkVOj
2013-04-19 15:59:49,066 [8] DEBUG PayPal.APIService [(null)] X-PAYPAL-APPLICATION-ID:APP-80W284485P519543T
2013-04-19 15:59:49,066 [8] DEBUG PayPal.APIService [(null)] X-PAYPAL-REQUEST-DATA-FORMAT:NV
2013-04-19 15:59:49,066 [8] DEBUG PayPal.APIService [(null)] X-PAYPAL-RESPONSE-DATA-FORMAT:NV
2013-04-19 15:59:49,066 [8] DEBUG PayPal.APIService [(null)] X-PAYPAL-REQUEST-SOURCE:adaptivepayments-dotnet-sdk-2.4.100
2013-04-19 15:59:49,066 [8] DEBUG PayPal.APIService [(null)] X-PAYPAL-SANDBOX-EMAIL-ADDRESS:pp.devtools@gmail.com
2013-04-19 15:59:49,066 [8] DEBUG PayPal.APIService [(null)] X-PAYPAL-DEVICE-IPADDRESS:127.0.0.1
2013-04-19 15:59:49,547 [8] DEBUG PayPal.APIService [(null)] requestEnvelope.errorLanguage=en_US&key=sdvsdvs%40manbox.be&
2013-04-19 15:59:53,297 [8] DEBUG PayPal.APIService [(null)] Service response
2013-04-19 15:59:53,298 [8] DEBUG PayPal.APIService [(null)] responseEnvelope.timestamp=2013-04-19T06%3A59%3A20.831-07%3A00&responseEnvelope.ack=Failure&responseEnvelope.correlationId=3a34308c68fa0&responseEnvelope.build=5710487&error(0).errorId=580022&error(0).domain=PLATFORM&error(0).subdomain=Application&error(0).severity=Error&error(0).category=Application&error(0).message=Invalid+request+parameter%3A+Preapproval+Key+with+value+sdvsdvs%40manbox.be&error(0).parameter(0)=preapprovalId&error(0).parameter(1)=sdvsdvs%40manbox.be
2013-04-19 16:27:59,281 [13] DEBUG PayPal.APIService [(null)] X-PAYPAL-SECURITY-USERID:sdvsdvs_api1.manbox.be
2013-04-19 16:27:59,330 [13] DEBUG PayPal.APIService [(null)] X-PAYPAL-SECURITY-PASSWORD:1364389919
2013-04-19 16:27:59,330 [13] DEBUG PayPal.APIService [(null)] X-PAYPAL-SECURITY-SIGNATURE:AfeOKUfS-Y732yPefGFWGDOaFbwlAUDnJ91lwmFADC8pJNoFb9kOkVOj
2013-04-19 16:27:59,330 [13] DEBUG PayPal.APIService [(null)] X-PAYPAL-APPLICATION-ID:APP-80W284485P519543T
2013-04-19 16:27:59,330 [13] DEBUG PayPal.APIService [(null)] X-PAYPAL-REQUEST-DATA-FORMAT:NV
2013-04-19 16:27:59,330 [13] DEBUG PayPal.APIService [(null)] X-PAYPAL-RESPONSE-DATA-FORMAT:NV
2013-04-19 16:27:59,330 [13] DEBUG PayPal.APIService [(null)] X-PAYPAL-REQUEST-SOURCE:adaptivepayments-dotnet-sdk-2.4.100
2013-04-19 16:27:59,330 [13] DEBUG PayPal.APIService [(null)] X-PAYPAL-SANDBOX-EMAIL-ADDRESS:pp.devtools@gmail.com
2013-04-19 16:27:59,330 [13] DEBUG PayPal.APIService [(null)] X-PAYPAL-DEVICE-IPADDRESS:127.0.0.1
2013-04-19 16:28:03,019 [13] DEBUG PayPal.APIService [(null)] requestEnvelope.errorLanguage=en_US&key=paykey-99&
2013-04-19 16:28:07,908 [13] DEBUG PayPal.APIService [(null)] Service response
2013-04-19 16:28:07,909 [13] DEBUG PayPal.APIService [(null)] responseEnvelope.timestamp=2013-04-19T07%3A27%3A34.324-07%3A00&responseEnvelope.ack=Failure&responseEnvelope.correlationId=4d7930d3061e0&responseEnvelope.build=5710487&error(0).errorId=580022&error(0).domain=PLATFORM&error(0).subdomain=Application&error(0).severity=Error&error(0).category=Application&error(0).message=Invalid+request+parameter%3A+Preapproval+Key+with+value+paykey-99&error(0).parameter(0)=preapprovalId&error(0).parameter(1)=paykey-99
